This file contains any messages produced by compilers while
running configure, to aid debugging if configure makes a mistake.

It was created by multicore-hashjoins configure 0.1, which was
generated by GNU Autoconf 2.71.  Invocation command line was

  $ ./configure --host=aarch64-linux-gnu host_alias=aarch64-linux-gnu CC=aarch64-linux-gnu-gcc --no-create --no-recursion

## --------- ##
## Platform. ##
## --------- ##

hostname = iaircag-Precision-7920-Tower
uname -m = x86_64
uname -r = 6.2.0-39-generic
uname -s = Linux
uname -v = #40~22.04.1-Ubuntu SMP PREEMPT_DYNAMIC Thu Nov 16 10:53:04 UTC 2

/usr/bin/uname -p = x86_64
/bin/uname -X     = unknown

/bin/arch              = x86_64
/usr/bin/arch -k       = unknown
/usr/convex/getsysinfo = unknown
/usr/bin/hostinfo      = unknown
/bin/machine           = unknown
/usr/bin/oslevel       = unknown
/bin/universe          = unknown

PATH: /home/luoqiang/.vscode-server/cli/servers/Stable-f1e16e1e6214d7c44d078b1f0607b2388f29d729/server/bin/remote-cli/
PATH: /usr/local/sbin/
PATH: /usr/local/bin/
PATH: /usr/sbin/
PATH: /usr/bin/
PATH: /sbin/
PATH: /bin/
PATH: /usr/games/
PATH: /usr/local/games/
PATH: /snap/bin/


## ----------- ##
## Core tests. ##
## ----------- ##

configure:2776: looking for aux files: config.guess config.sub compile missing install-sh
configure:2789:  trying ./
configure:2818:   ./config.guess found
configure:2818:   ./config.sub found
configure:2818:   ./compile found
configure:2818:   ./missing found
configure:2800:   ./install-sh found
configure:2947: checking for a BSD-compatible install
configure:3020: result: /usr/bin/install -c
configure:3031: checking whether build environment is sane
configure:3086: result: yes
configure:3121: WARNING: 'missing' script is too old or missing
configure:3142: checking for aarch64-linux-gnu-strip
configure:3163: found /usr/bin/aarch64-linux-gnu-strip
configure:3174: result: aarch64-linux-gnu-strip
configure:3245: checking for a race-free mkdir -p
configure:3289: result: /usr/bin/mkdir -p
configure:3296: checking for gawk
configure:3317: found /usr/bin/gawk
configure:3328: result: gawk
configure:3339: checking whether make sets $(MAKE)
configure:3362: result: yes
configure:3392: checking whether make supports nested variables
configure:3410: result: yes
configure:3570: checking for aarch64-linux-gnu-gcc
configure:3602: result: aarch64-linux-gnu-gcc
configure:4000: checking for C compiler version
configure:4009: aarch64-linux-gnu-gcc --version >&5
aarch64-linux-gnu-gcc (Ubuntu 11.4.0-1ubuntu1~22.04) 11.4.0
Copyright (C) 2021 Free Software Foundation, Inc.
This is free software; see the source for copying conditions.  There is NO
warranty; not even for MERCHANTABILITY or FITNESS FOR A PARTICULAR PURPOSE.

configure:4020: $? = 0
configure:4009: aarch64-linux-gnu-gcc -v >&5
Using built-in specs.
COLLECT_GCC=aarch64-linux-gnu-gcc
COLLECT_LTO_WRAPPER=/usr/lib/gcc-cross/aarch64-linux-gnu/11/lto-wrapper
Target: aarch64-linux-gnu
Configured with: ../src/configure -v --with-pkgversion='Ubuntu 11.4.0-1ubuntu1~22.04' --with-bugurl=file:///usr/share/doc/gcc-11/README.Bugs --enable-languages=c,ada,c++,go,d,fortran,objc,obj-c++,m2 --prefix=/usr --with-gcc-major-version-only --program-suffix=-11 --enable-shared --enable-linker-build-id --libexecdir=/usr/lib --without-included-gettext --enable-threads=posix --libdir=/usr/lib --enable-nls --with-sysroot=/ --enable-clocale=gnu --enable-libstdcxx-debug --enable-libstdcxx-time=yes --with-default-libstdcxx-abi=new --enable-gnu-unique-object --disable-libquadmath --disable-libquadmath-support --enable-plugin --enable-default-pie --with-system-zlib --enable-libphobos-checking=release --without-target-system-zlib --enable-multiarch --enable-fix-cortex-a53-843419 --disable-werror --enable-checking=release --build=x86_64-linux-gnu --host=x86_64-linux-gnu --target=aarch64-linux-gnu --program-prefix=aarch64-linux-gnu- --includedir=/usr/aarch64-linux-gnu/include --with-build-config=bootstrap-lto-lean --enable-link-serialization=2
Thread model: posix
Supported LTO compression algorithms: zlib zstd
gcc version 11.4.0 (Ubuntu 11.4.0-1ubuntu1~22.04) 
configure:4020: $? = 0
configure:4009: aarch64-linux-gnu-gcc -V >&5
aarch64-linux-gnu-gcc: error: unrecognized command-line option '-V'
aarch64-linux-gnu-gcc: fatal error: no input files
compilation terminated.
configure:4020: $? = 1
configure:4009: aarch64-linux-gnu-gcc -qversion >&5
aarch64-linux-gnu-gcc: error: unrecognized command-line option '-qversion'; did you mean '--version'?
aarch64-linux-gnu-gcc: fatal error: no input files
compilation terminated.
configure:4020: $? = 1
configure:4009: aarch64-linux-gnu-gcc -version >&5
aarch64-linux-gnu-gcc: error: unrecognized command-line option '-version'
aarch64-linux-gnu-gcc: fatal error: no input files
compilation terminated.
configure:4020: $? = 1
configure:4040: checking whether the C compiler works
configure:4062: aarch64-linux-gnu-gcc    conftest.c  >&5
configure:4066: $? = 0
configure:4116: result: yes
configure:4119: checking for C compiler default output file name
configure:4121: result: a.out
configure:4127: checking for suffix of executables
configure:4134: aarch64-linux-gnu-gcc -o conftest    conftest.c  >&5
configure:4138: $? = 0
configure:4161: result: 
configure:4183: checking whether we are cross compiling
configure:4191: aarch64-linux-gnu-gcc -o conftest    conftest.c  >&5
configure:4195: $? = 0
configure:4202: ./conftest
aarch64-binfmt-P: Could not open '/lib/ld-linux-aarch64.so.1': No such file or directory
configure:4206: $? = 255
configure:4221: result: yes
configure:4226: checking for suffix of object files
configure:4249: aarch64-linux-gnu-gcc -c   conftest.c >&5
configure:4253: $? = 0
configure:4275: result: o
configure:4279: checking whether the compiler supports GNU C
configure:4299: aarch64-linux-gnu-gcc -c   conftest.c >&5
configure:4299: $? = 0
configure:4309: result: yes
configure:4320: checking whether aarch64-linux-gnu-gcc accepts -g
configure:4341: aarch64-linux-gnu-gcc -c -g  conftest.c >&5
configure:4341: $? = 0
configure:4385: result: yes
configure:4405: checking for aarch64-linux-gnu-gcc option to enable C11 features
configure:4420: aarch64-linux-gnu-gcc  -c -g -O2  conftest.c >&5
configure:4420: $? = 0
configure:4438: result: none needed
configure:4554: checking whether aarch64-linux-gnu-gcc understands -c and -o together
configure:4577: aarch64-linux-gnu-gcc -c conftest.c -o conftest2.o
configure:4580: $? = 0
configure:4577: aarch64-linux-gnu-gcc -c conftest.c -o conftest2.o
configure:4580: $? = 0
configure:4592: result: yes
configure:4612: checking whether make supports the include directive
configure:4627: make -f confmf.GNU && cat confinc.out
make[2]: Entering directory '/home/luoqiang/xymc/hashjoin'
make[2]: Leaving directory '/home/luoqiang/xymc/hashjoin'
this is the am__doit target
configure:4630: $? = 0
configure:4649: result: yes (GNU style)
configure:4675: checking dependency style of aarch64-linux-gnu-gcc
configure:4787: result: gcc3
configure:4822: checking for aarch64-linux-gnu-g++
configure:4843: found /usr/bin/aarch64-linux-gnu-g++
configure:4854: result: aarch64-linux-gnu-g++
configure:4930: checking for C++ compiler version
configure:4939: aarch64-linux-gnu-g++ --version >&5
aarch64-linux-gnu-g++ (Ubuntu 11.4.0-1ubuntu1~22.04) 11.4.0
Copyright (C) 2021 Free Software Foundation, Inc.
This is free software; see the source for copying conditions.  There is NO
warranty; not even for MERCHANTABILITY or FITNESS FOR A PARTICULAR PURPOSE.

configure:4950: $? = 0
configure:4939: aarch64-linux-gnu-g++ -v >&5
Using built-in specs.
COLLECT_GCC=aarch64-linux-gnu-g++
COLLECT_LTO_WRAPPER=/usr/lib/gcc-cross/aarch64-linux-gnu/11/lto-wrapper
Target: aarch64-linux-gnu
Configured with: ../src/configure -v --with-pkgversion='Ubuntu 11.4.0-1ubuntu1~22.04' --with-bugurl=file:///usr/share/doc/gcc-11/README.Bugs --enable-languages=c,ada,c++,go,d,fortran,objc,obj-c++,m2 --prefix=/usr --with-gcc-major-version-only --program-suffix=-11 --enable-shared --enable-linker-build-id --libexecdir=/usr/lib --without-included-gettext --enable-threads=posix --libdir=/usr/lib --enable-nls --with-sysroot=/ --enable-clocale=gnu --enable-libstdcxx-debug --enable-libstdcxx-time=yes --with-default-libstdcxx-abi=new --enable-gnu-unique-object --disable-libquadmath --disable-libquadmath-support --enable-plugin --enable-default-pie --with-system-zlib --enable-libphobos-checking=release --without-target-system-zlib --enable-multiarch --enable-fix-cortex-a53-843419 --disable-werror --enable-checking=release --build=x86_64-linux-gnu --host=x86_64-linux-gnu --target=aarch64-linux-gnu --program-prefix=aarch64-linux-gnu- --includedir=/usr/aarch64-linux-gnu/include --with-build-config=bootstrap-lto-lean --enable-link-serialization=2
Thread model: posix
Supported LTO compression algorithms: zlib zstd
gcc version 11.4.0 (Ubuntu 11.4.0-1ubuntu1~22.04) 
configure:4950: $? = 0
configure:4939: aarch64-linux-gnu-g++ -V >&5
aarch64-linux-gnu-g++: error: unrecognized command-line option '-V'
aarch64-linux-gnu-g++: fatal error: no input files
compilation terminated.
configure:4950: $? = 1
configure:4939: aarch64-linux-gnu-g++ -qversion >&5
aarch64-linux-gnu-g++: error: unrecognized command-line option '-qversion'; did you mean '--version'?
aarch64-linux-gnu-g++: fatal error: no input files
compilation terminated.
configure:4950: $? = 1
configure:4954: checking whether the compiler supports GNU C++
configure:4974: aarch64-linux-gnu-g++ -c   conftest.cpp >&5
configure:4974: $? = 0
configure:4984: result: yes
configure:4995: checking whether aarch64-linux-gnu-g++ accepts -g
configure:5016: aarch64-linux-gnu-g++ -c -g  conftest.cpp >&5
configure:5016: $? = 0
configure:5060: result: yes
configure:5080: checking for aarch64-linux-gnu-g++ option to enable C++11 features
configure:5095: aarch64-linux-gnu-g++  -c -g -O2  conftest.cpp >&5
conftest.cpp: In function 'int main(int, char**)':
conftest.cpp:177:25: warning: empty parentheses were disambiguated as a function declaration [-Wvexing-parse]
  177 |   cxx11test::delegate d2();
      |                         ^~
conftest.cpp:177:25: note: remove parentheses to default-initialize a variable
  177 |   cxx11test::delegate d2();
      |                         ^~
      |                         --
conftest.cpp:177:25: note: or replace parentheses with braces to value-initialize a variable
configure:5095: $? = 0
configure:5113: result: none needed
configure:5179: checking dependency style of aarch64-linux-gnu-g++
configure:5291: result: gcc3
configure:5306: checking whether make sets $(MAKE)
configure:5329: result: yes
configure:5345: checking for stdio.h
configure:5345: aarch64-linux-gnu-gcc -c -g -O2  conftest.c >&5
configure:5345: $? = 0
configure:5345: result: yes
configure:5345: checking for stdlib.h
configure:5345: aarch64-linux-gnu-gcc -c -g -O2  conftest.c >&5
configure:5345: $? = 0
configure:5345: result: yes
configure:5345: checking for string.h
configure:5345: aarch64-linux-gnu-gcc -c -g -O2  conftest.c >&5
configure:5345: $? = 0
configure:5345: result: yes
configure:5345: checking for inttypes.h
configure:5345: aarch64-linux-gnu-gcc -c -g -O2  conftest.c >&5
configure:5345: $? = 0
configure:5345: result: yes
configure:5345: checking for stdint.h
configure:5345: aarch64-linux-gnu-gcc -c -g -O2  conftest.c >&5
configure:5345: $? = 0
configure:5345: result: yes
configure:5345: checking for strings.h
configure:5345: aarch64-linux-gnu-gcc -c -g -O2  conftest.c >&5
configure:5345: $? = 0
configure:5345: result: yes
configure:5345: checking for sys/stat.h
configure:5345: aarch64-linux-gnu-gcc -c -g -O2  conftest.c >&5
configure:5345: $? = 0
configure:5345: result: yes
configure:5345: checking for sys/types.h
configure:5345: aarch64-linux-gnu-gcc -c -g -O2  conftest.c >&5
configure:5345: $? = 0
configure:5345: result: yes
configure:5345: checking for unistd.h
configure:5345: aarch64-linux-gnu-gcc -c -g -O2  conftest.c >&5
configure:5345: $? = 0
configure:5345: result: yes
configure:5370: checking for stdint.h
configure:5370: result: yes
configure:5376: checking for stdlib.h
configure:5376: result: yes
configure:5382: checking for string.h
configure:5382: result: yes
configure:5388: checking for sys/time.h
configure:5388: aarch64-linux-gnu-gcc -c -g -O2  conftest.c >&5
configure:5388: $? = 0
configure:5388: result: yes
configure:5394: checking for unistd.h
configure:5394: result: yes
configure:5403: checking for inline
configure:5420: aarch64-linux-gnu-gcc -c -g -O2  conftest.c >&5
configure:5420: $? = 0
configure:5429: result: inline
configure:5447: checking for int32_t
configure:5447: aarch64-linux-gnu-gcc -c -g -O2  conftest.c >&5
configure:5447: $? = 0
configure:5447: aarch64-linux-gnu-gcc -c -g -O2  conftest.c >&5
conftest.c: In function 'main':
conftest.c:59:67: warning: integer overflow in expression of type 'int' results in '-2147483648' [-Woverflow]
   59 |                  < (int32_t) (((((int32_t) 1 << N) << N) - 1) * 2 + 2))];
      |                                                                   ^
conftest.c:58:12: error: storage size of 'test_array' isn't constant
   58 | static int test_array [1 - 2 * !((int32_t) (((((int32_t) 1 << N) << N) - 1) * 2 + 1)
      |            ^~~~~~~~~~
configure:5447: $? = 1
configure: failed program was:
| /* confdefs.h */
| #define PACKAGE_NAME "multicore-hashjoins"
| #define PACKAGE_TARNAME "multicore-hashjoins"
| #define PACKAGE_VERSION "0.1"
| #define PACKAGE_STRING "multicore-hashjoins 0.1"
| #define PACKAGE_BUGREPORT "cagri.balkesen@inf.ethz.ch"
| #define PACKAGE_URL ""
| #define PACKAGE "multicore-hashjoins"
| #define VERSION "0.1"
| #define HAVE_STDIO_H 1
| #define HAVE_STDLIB_H 1
| #define HAVE_STRING_H 1
| #define HAVE_INTTYPES_H 1
| #define HAVE_STDINT_H 1
| #define HAVE_STRINGS_H 1
| #define HAVE_SYS_STAT_H 1
| #define HAVE_SYS_TYPES_H 1
| #define HAVE_UNISTD_H 1
| #define STDC_HEADERS 1
| #define HAVE_STDINT_H 1
| #define HAVE_STDLIB_H 1
| #define HAVE_STRING_H 1
| #define HAVE_SYS_TIME_H 1
| #define HAVE_UNISTD_H 1
| /* end confdefs.h.  */
| #include <stddef.h>
| #ifdef HAVE_STDIO_H
| # include <stdio.h>
| #endif
| #ifdef HAVE_STDLIB_H
| # include <stdlib.h>
| #endif
| #ifdef HAVE_STRING_H
| # include <string.h>
| #endif
| #ifdef HAVE_INTTYPES_H
| # include <inttypes.h>
| #endif
| #ifdef HAVE_STDINT_H
| # include <stdint.h>
| #endif
| #ifdef HAVE_STRINGS_H
| # include <strings.h>
| #endif
| #ifdef HAVE_SYS_TYPES_H
| # include <sys/types.h>
| #endif
| #ifdef HAVE_SYS_STAT_H
| # include <sys/stat.h>
| #endif
| #ifdef HAVE_UNISTD_H
| # include <unistd.h>
| #endif
| 	        enum { N = 32 / 2 - 1 };
| int
| main (void)
| {
| static int test_array [1 - 2 * !((int32_t) (((((int32_t) 1 << N) << N) - 1) * 2 + 1)
| 		 < (int32_t) (((((int32_t) 1 << N) << N) - 1) * 2 + 2))];
| test_array [0] = 0;
| return test_array [0];
| 
|   ;
|   return 0;
| }
configure:5447: result: yes
configure:5456: checking for int64_t
configure:5456: aarch64-linux-gnu-gcc -c -g -O2  conftest.c >&5
configure:5456: $? = 0
configure:5456: aarch64-linux-gnu-gcc -c -g -O2  conftest.c >&5
conftest.c: In function 'main':
conftest.c:59:67: warning: integer overflow in expression of type 'long int' results in '-9223372036854775808' [-Woverflow]
   59 |                  < (int64_t) (((((int64_t) 1 << N) << N) - 1) * 2 + 2))];
      |                                                                   ^
conftest.c:58:12: error: storage size of 'test_array' isn't constant
   58 | static int test_array [1 - 2 * !((int64_t) (((((int64_t) 1 << N) << N) - 1) * 2 + 1)
      |            ^~~~~~~~~~
configure:5456: $? = 1
configure: failed program was:
| /* confdefs.h */
| #define PACKAGE_NAME "multicore-hashjoins"
| #define PACKAGE_TARNAME "multicore-hashjoins"
| #define PACKAGE_VERSION "0.1"
| #define PACKAGE_STRING "multicore-hashjoins 0.1"
| #define PACKAGE_BUGREPORT "cagri.balkesen@inf.ethz.ch"
| #define PACKAGE_URL ""
| #define PACKAGE "multicore-hashjoins"
| #define VERSION "0.1"
| #define HAVE_STDIO_H 1
| #define HAVE_STDLIB_H 1
| #define HAVE_STRING_H 1
| #define HAVE_INTTYPES_H 1
| #define HAVE_STDINT_H 1
| #define HAVE_STRINGS_H 1
| #define HAVE_SYS_STAT_H 1
| #define HAVE_SYS_TYPES_H 1
| #define HAVE_UNISTD_H 1
| #define STDC_HEADERS 1
| #define HAVE_STDINT_H 1
| #define HAVE_STDLIB_H 1
| #define HAVE_STRING_H 1
| #define HAVE_SYS_TIME_H 1
| #define HAVE_UNISTD_H 1
| /* end confdefs.h.  */
| #include <stddef.h>
| #ifdef HAVE_STDIO_H
| # include <stdio.h>
| #endif
| #ifdef HAVE_STDLIB_H
| # include <stdlib.h>
| #endif
| #ifdef HAVE_STRING_H
| # include <string.h>
| #endif
| #ifdef HAVE_INTTYPES_H
| # include <inttypes.h>
| #endif
| #ifdef HAVE_STDINT_H
| # include <stdint.h>
| #endif
| #ifdef HAVE_STRINGS_H
| # include <strings.h>
| #endif
| #ifdef HAVE_SYS_TYPES_H
| # include <sys/types.h>
| #endif
| #ifdef HAVE_SYS_STAT_H
| # include <sys/stat.h>
| #endif
| #ifdef HAVE_UNISTD_H
| # include <unistd.h>
| #endif
| 	        enum { N = 64 / 2 - 1 };
| int
| main (void)
| {
| static int test_array [1 - 2 * !((int64_t) (((((int64_t) 1 << N) << N) - 1) * 2 + 1)
| 		 < (int64_t) (((((int64_t) 1 << N) << N) - 1) * 2 + 2))];
| test_array [0] = 0;
| return test_array [0];
| 
|   ;
|   return 0;
| }
configure:5456: result: yes
configure:5465: checking for C/C++ restrict keyword
configure:5495: aarch64-linux-gnu-gcc -c -g -O2  conftest.c >&5
configure:5495: $? = 0
configure:5504: result: __restrict__
configure:5515: checking for uint32_t
configure:5515: aarch64-linux-gnu-gcc -c -g -O2  conftest.c >&5
configure:5515: $? = 0
configure:5515: result: yes
configure:5527: checking for uint64_t
configure:5527: aarch64-linux-gnu-gcc -c -g -O2  conftest.c >&5
configure:5527: $? = 0
configure:5527: result: yes
configure:5541: checking for pow in -lm
configure:5564: aarch64-linux-gnu-gcc -o conftest -g -O2   conftest.c -lm   >&5
conftest.c:31:6: warning: conflicting types for built-in function 'pow'; expected 'double(double,  double)' [-Wbuiltin-declaration-mismatch]
   31 | char pow ();
      |      ^~~
conftest.c:1:1: note: 'pow' is declared in header '<math.h>'
    1 | /* confdefs.h */
configure:5564: $? = 0
configure:5574: result: yes
configure:5589: checking for pthread_mutex_init in -lpthread
configure:5612: aarch64-linux-gnu-gcc -o conftest -g -O2   conftest.c -lpthread  -lm  >&5
configure:5612: $? = 0
configure:5622: result: yes
configure:5636: checking for error_at_line
configure:5653: aarch64-linux-gnu-gcc -o conftest -g -O2   conftest.c -lpthread -lm  >&5
configure:5653: $? = 0
configure:5662: result: yes
configure:5679: checking build system type
configure:5694: result: x86_64-pc-linux-gnu
configure:5714: checking host system type
configure:5728: result: aarch64-unknown-linux-gnu
configure:5748: checking for GNU libc compatible malloc
configure:5791: result: yes
configure:5813: checking for gettimeofday
configure:5813: aarch64-linux-gnu-gcc -o conftest -g -O2   conftest.c -lpthread -lm  >&5
configure:5813: $? = 0
configure:5813: result: yes
configure:5819: checking for memset
configure:5819: aarch64-linux-gnu-gcc -o conftest -g -O2   conftest.c -lpthread -lm  >&5
conftest.c:47:6: warning: conflicting types for built-in function 'memset'; expected 'void *(void *, int,  long unsigned int)' [-Wbuiltin-declaration-mismatch]
   47 | char memset ();
      |      ^~~~~~
conftest.c:39:1: note: 'memset' is declared in header '<string.h>'
   38 | #include <limits.h>
   39 | #undef memset
configure:5819: $? = 0
configure:5819: result: yes
configure:5825: checking for pow
configure:5825: aarch64-linux-gnu-gcc -o conftest -g -O2   conftest.c -lpthread -lm  >&5
conftest.c:48:6: warning: conflicting types for built-in function 'pow'; expected 'double(double,  double)' [-Wbuiltin-declaration-mismatch]
   48 | char pow ();
      |      ^~~
conftest.c:40:1: note: 'pow' is declared in header '<math.h>'
   39 | #include <limits.h>
   40 | #undef pow
configure:5825: $? = 0
configure:5825: result: yes
configure:5832: checking for pthread_attr_setaffinity_np
configure:5832: aarch64-linux-gnu-gcc -o conftest -g -O2   conftest.c -lpthread -lm  >&5
configure:5832: $? = 0
configure:5832: result: yes
configure:5838: checking for pthread_barrier_wait
configure:5838: aarch64-linux-gnu-gcc -o conftest -g -O2   conftest.c -lpthread -lm  >&5
configure:5838: $? = 0
configure:5838: result: yes
configure:6128: checking that generated files are newer than configure
configure:6134: result: done
configure:6197: creating ./config.status

## ---------------- ##
## Cache variables. ##
## ---------------- ##

ac_cv_build=x86_64-pc-linux-gnu
ac_cv_c_compiler_gnu=yes
ac_cv_c_inline=inline
ac_cv_c_int32_t=yes
ac_cv_c_int64_t=yes
ac_cv_c_restrict=__restrict__
ac_cv_c_uint32_t=yes
ac_cv_c_uint64_t=yes
ac_cv_cxx_compiler_gnu=yes
ac_cv_env_CCC_set=
ac_cv_env_CCC_value=
ac_cv_env_CC_set=set
ac_cv_env_CC_value=aarch64-linux-gnu-gcc
ac_cv_env_CFLAGS_set=
ac_cv_env_CFLAGS_value=
ac_cv_env_CPPFLAGS_set=
ac_cv_env_CPPFLAGS_value=
ac_cv_env_CXXFLAGS_set=
ac_cv_env_CXXFLAGS_value=
ac_cv_env_CXX_set=
ac_cv_env_CXX_value=
ac_cv_env_LDFLAGS_set=
ac_cv_env_LDFLAGS_value=
ac_cv_env_LIBS_set=
ac_cv_env_LIBS_value=
ac_cv_env_build_alias_set=
ac_cv_env_build_alias_value=
ac_cv_env_host_alias_set=set
ac_cv_env_host_alias_value=aarch64-linux-gnu
ac_cv_env_target_alias_set=
ac_cv_env_target_alias_value=
ac_cv_func_gettimeofday=yes
ac_cv_func_malloc_0_nonnull=yes
ac_cv_func_memset=yes
ac_cv_func_pow=yes
ac_cv_func_pthread_attr_setaffinity_np=yes
ac_cv_func_pthread_barrier_wait=yes
ac_cv_header_inttypes_h=yes
ac_cv_header_stdint_h=yes
ac_cv_header_stdio_h=yes
ac_cv_header_stdlib_h=yes
ac_cv_header_string_h=yes
ac_cv_header_strings_h=yes
ac_cv_header_sys_stat_h=yes
ac_cv_header_sys_time_h=yes
ac_cv_header_sys_types_h=yes
ac_cv_header_unistd_h=yes
ac_cv_host=aarch64-unknown-linux-gnu
ac_cv_lib_error_at_line=yes
ac_cv_lib_m_pow=yes
ac_cv_lib_pthread_pthread_mutex_init=yes
ac_cv_objext=o
ac_cv_path_install='/usr/bin/install -c'
ac_cv_path_mkdir=/usr/bin/mkdir
ac_cv_prog_AWK=gawk
ac_cv_prog_CC=aarch64-linux-gnu-gcc
ac_cv_prog_CXX=aarch64-linux-gnu-g++
ac_cv_prog_STRIP=aarch64-linux-gnu-strip
ac_cv_prog_cc_c11=
ac_cv_prog_cc_g=yes
ac_cv_prog_cc_stdc=
ac_cv_prog_cxx_11=no
ac_cv_prog_cxx_cxx11=
ac_cv_prog_cxx_g=yes
ac_cv_prog_cxx_stdcxx=
ac_cv_prog_make_make_set=yes
am_cv_CC_dependencies_compiler_type=gcc3
am_cv_CXX_dependencies_compiler_type=gcc3
am_cv_make_support_nested_variables=yes
am_cv_prog_cc_c_o=yes

## ----------------- ##
## Output variables. ##
## ----------------- ##

ACLOCAL='aclocal-1.16'
AMDEPBACKSLASH='\'
AMDEP_FALSE='#'
AMDEP_TRUE=''
AMTAR='$${TAR-tar}'
AM_BACKSLASH='\'
AM_DEFAULT_V='$(AM_DEFAULT_VERBOSITY)'
AM_DEFAULT_VERBOSITY='1'
AM_V='$(V)'
AUTOCONF='autoconf'
AUTOHEADER='autoheader'
AUTOMAKE='automake-1.16'
AWK='gawk'
CC='aarch64-linux-gnu-gcc'
CCDEPMODE='depmode=gcc3'
CFLAGS='-g -O2'
CPPFLAGS=''
CSCOPE='cscope'
CTAGS='ctags'
CXX='aarch64-linux-gnu-g++'
CXXDEPMODE='depmode=gcc3'
CXXFLAGS='-g -O2'
CYGPATH_W='echo'
DEBUG_FALSE=''
DEBUG_TRUE='#'
DEFS='-DHAVE_CONFIG_H'
DEPDIR='.deps'
ECHO_C=''
ECHO_N='-n'
ECHO_T=''
ETAGS='etags'
EXEEXT=''
INSTALL_DATA='${INSTALL} -m 644'
INSTALL_PROGRAM='${INSTALL}'
INSTALL_SCRIPT='${INSTALL}'
INSTALL_STRIP_PROGRAM='$(install_sh) -c -s'
KEY_8B_FALSE='#'
KEY_8B_TRUE=''
LDFLAGS=''
LIBOBJS=''
LIBS='-lpthread -lm '
LTLIBOBJS=''
MAKEINFO='makeinfo'
MKDIR_P='/usr/bin/mkdir -p'
NOTIMING_FALSE=''
NOTIMING_TRUE='#'
OBJEXT='o'
PACKAGE='multicore-hashjoins'
PACKAGE_BUGREPORT='cagri.balkesen@inf.ethz.ch'
PACKAGE_NAME='multicore-hashjoins'
PACKAGE_STRING='multicore-hashjoins 0.1'
PACKAGE_TARNAME='multicore-hashjoins'
PACKAGE_URL=''
PACKAGE_VERSION='0.1'
PADDEDBUCKET_FALSE=''
PADDEDBUCKET_TRUE='#'
PATH_SEPARATOR=':'
PERF_COUNTERS_FALSE=''
PERF_COUNTERS_TRUE='#'
PREFETCH_NPJ_FALSE=''
PREFETCH_NPJ_TRUE='#'
SET_MAKE=''
SHELL='/bin/bash'
SKEW_HANDLING_FALSE=''
SKEW_HANDLING_TRUE='#'
STRIP='aarch64-linux-gnu-strip'
SYNCSTATS_FALSE=''
SYNCSTATS_TRUE='#'
USE_SWWC_OPTIMIZED_PART_FALSE=''
USE_SWWC_OPTIMIZED_PART_TRUE='#'
VERSION='0.1'
ac_ct_CC=''
ac_ct_CXX=''
am__EXEEXT_FALSE=''
am__EXEEXT_TRUE='#'
am__fastdepCC_FALSE='#'
am__fastdepCC_TRUE=''
am__fastdepCXX_FALSE='#'
am__fastdepCXX_TRUE=''
am__include='include'
am__isrc=''
am__leading_dot='.'
am__nodep='_no'
am__quote=''
am__tar='$${TAR-tar} chof - "$$tardir"'
am__untar='$${TAR-tar} xf -'
bindir='${exec_prefix}/bin'
build='x86_64-pc-linux-gnu'
build_alias=''
build_cpu='x86_64'
build_os='linux-gnu'
build_vendor='pc'
datadir='${datarootdir}'
datarootdir='${prefix}/share'
docdir='${datarootdir}/doc/${PACKAGE_TARNAME}'
dvidir='${docdir}'
exec_prefix='${prefix}'
host='aarch64-unknown-linux-gnu'
host_alias='aarch64-linux-gnu'
host_cpu='aarch64'
host_os='linux-gnu'
host_vendor='unknown'
htmldir='${docdir}'
includedir='${prefix}/include'
infodir='${datarootdir}/info'
install_sh='${SHELL} /home/luoqiang/xymc/hashjoin/install-sh'
libdir='${exec_prefix}/lib'
libexecdir='${exec_prefix}/libexec'
localedir='${datarootdir}/locale'
localstatedir='${prefix}/var'
mandir='${datarootdir}/man'
mkdir_p='$(MKDIR_P)'
oldincludedir='/usr/include'
pdfdir='${docdir}'
prefix='/usr/local'
program_transform_name='s,x,x,'
psdir='${docdir}'
runstatedir='${localstatedir}/run'
sbindir='${exec_prefix}/sbin'
sharedstatedir='${prefix}/com'
sysconfdir='${prefix}/etc'
target_alias=''

## ----------- ##
## confdefs.h. ##
## ----------- ##

/* confdefs.h */
#define PACKAGE_NAME "multicore-hashjoins"
#define PACKAGE_TARNAME "multicore-hashjoins"
#define PACKAGE_VERSION "0.1"
#define PACKAGE_STRING "multicore-hashjoins 0.1"
#define PACKAGE_BUGREPORT "cagri.balkesen@inf.ethz.ch"
#define PACKAGE_URL ""
#define PACKAGE "multicore-hashjoins"
#define VERSION "0.1"
#define HAVE_STDIO_H 1
#define HAVE_STDLIB_H 1
#define HAVE_STRING_H 1
#define HAVE_INTTYPES_H 1
#define HAVE_STDINT_H 1
#define HAVE_STRINGS_H 1
#define HAVE_SYS_STAT_H 1
#define HAVE_SYS_TYPES_H 1
#define HAVE_UNISTD_H 1
#define STDC_HEADERS 1
#define HAVE_STDINT_H 1
#define HAVE_STDLIB_H 1
#define HAVE_STRING_H 1
#define HAVE_SYS_TIME_H 1
#define HAVE_UNISTD_H 1
#define restrict __restrict__
#define HAVE_LIBM 1
#define HAVE_LIBPTHREAD 1
#define HAVE_MALLOC 1
#define HAVE_GETTIMEOFDAY 1
#define HAVE_MEMSET 1
#define HAVE_POW 1
#define HAVE_PTHREAD_ATTR_SETAFFINITY_NP 1
#define HAVE_PTHREAD_BARRIER_WAIT 1

configure: exit 0

## ---------------------- ##
## Running config.status. ##
## ---------------------- ##

This file was extended by multicore-hashjoins config.status 0.1, which was
generated by GNU Autoconf 2.71.  Invocation command line was

  CONFIG_FILES    = 
  CONFIG_HEADERS  = 
  CONFIG_LINKS    = 
  CONFIG_COMMANDS = 
  $ ./config.status 

on iaircag-Precision-7920-Tower

config.status:893: creating Makefile
config.status:893: creating src/Makefile
config.status:893: creating config.h
config.status:1074: config.h is unchanged
config.status:1122: executing depfiles commands
config.status:1199: cd src       && sed -e '/# am--include-marker/d' Makefile         | make -f - am--depfiles
make[2]: Entering directory '/home/luoqiang/xymc/hashjoin/src'
make[2]: Nothing to be done for 'am--depfiles'.
make[2]: Leaving directory '/home/luoqiang/xymc/hashjoin/src'
config.status:1204: $? = 0

## ---------------------- ##
## Running config.status. ##
## ---------------------- ##

This file was extended by multicore-hashjoins config.status 0.1, which was
generated by GNU Autoconf 2.71.  Invocation command line was

  CONFIG_FILES    = 
  CONFIG_HEADERS  = 
  CONFIG_LINKS    = 
  CONFIG_COMMANDS = 
  $ ./config.status config.h

on iaircag-Precision-7920-Tower

config.status:893: creating config.h
config.status:1074: config.h is unchanged

## ---------------------- ##
## Running config.status. ##
## ---------------------- ##

This file was extended by multicore-hashjoins config.status 0.1, which was
generated by GNU Autoconf 2.71.  Invocation command line was

  CONFIG_FILES    = 
  CONFIG_HEADERS  = 
  CONFIG_LINKS    = 
  CONFIG_COMMANDS = 
  $ ./config.status src/Makefile depfiles

on iaircag-Precision-7920-Tower

config.status:893: creating src/Makefile
config.status:1122: executing depfiles commands
config.status:1199: cd src       && sed -e '/# am--include-marker/d' Makefile         | make -f - am--depfiles
make[1]: Entering directory '/home/luoqiang/xymc/hashjoin/src'
make[1]: Nothing to be done for 'am--depfiles'.
make[1]: Leaving directory '/home/luoqiang/xymc/hashjoin/src'
config.status:1204: $? = 0

## ---------------------- ##
## Running config.status. ##
## ---------------------- ##

This file was extended by multicore-hashjoins config.status 0.1, which was
generated by GNU Autoconf 2.71.  Invocation command line was

  CONFIG_FILES    = 
  CONFIG_HEADERS  = 
  CONFIG_LINKS    = 
  CONFIG_COMMANDS = 
  $ ./config.status src/Makefile depfiles

on iaircag-Precision-7920-Tower

config.status:893: creating src/Makefile
config.status:1122: executing depfiles commands
config.status:1199: cd src       && sed -e '/# am--include-marker/d' Makefile         | make -f - am--depfiles
make[1]: Entering directory '/home/luoqiang/xymc/hashjoin/src'
make[1]: Nothing to be done for 'am--depfiles'.
make[1]: Leaving directory '/home/luoqiang/xymc/hashjoin/src'
config.status:1204: $? = 0

## ---------------------- ##
## Running config.status. ##
## ---------------------- ##

This file was extended by multicore-hashjoins config.status 0.1, which was
generated by GNU Autoconf 2.71.  Invocation command line was

  CONFIG_FILES    = 
  CONFIG_HEADERS  = 
  CONFIG_LINKS    = 
  CONFIG_COMMANDS = 
  $ ./config.status src/Makefile depfiles

on iaircag-Precision-7920-Tower

config.status:893: creating src/Makefile
config.status:1122: executing depfiles commands
config.status:1199: cd src       && sed -e '/# am--include-marker/d' Makefile         | make -f - am--depfiles
make[1]: Entering directory '/home/luoqiang/xymc/hashjoin/src'
make[1]: Nothing to be done for 'am--depfiles'.
make[1]: Leaving directory '/home/luoqiang/xymc/hashjoin/src'
config.status:1204: $? = 0

## ---------------------- ##
## Running config.status. ##
## ---------------------- ##

This file was extended by multicore-hashjoins config.status 0.1, which was
generated by GNU Autoconf 2.71.  Invocation command line was

  CONFIG_FILES    = 
  CONFIG_HEADERS  = 
  CONFIG_LINKS    = 
  CONFIG_COMMANDS = 
  $ ./config.status src/Makefile depfiles

on iaircag-Precision-7920-Tower

config.status:893: creating src/Makefile
config.status:1122: executing depfiles commands
config.status:1199: cd src       && sed -e '/# am--include-marker/d' Makefile         | make -f - am--depfiles
make[3]: Entering directory '/home/luoqiang/xymc/hashjoin/src'
make[3]: Nothing to be done for 'am--depfiles'.
make[3]: Leaving directory '/home/luoqiang/xymc/hashjoin/src'
config.status:1204: $? = 0
